-------------------------------------------------------------------------------
Test set: TestSuite
-------------------------------------------------------------------------------
Tests run: 4, Failures: 1, Errors: 0, Skipped: 0, Time elapsed: 41.882 s <<< FAILURE! - in TestSuite
tc02(mainScript.DriverScript)  Time elapsed: 0.249 s  <<< FAILURE!
java.lang.AssertionError: expected [true] but found [false]
	at mainScript.DriverScript.tc02(DriverScript.java:49)

