<?xml version="1.0" encoding="UTF-8"?>
<!-- Generated by org.testng.reporters.JUnitXMLReporter -->
<testsuite ignored="0" hostname="AAPCLW10-1670" failures="3" tests="4" name="Test" time="30.483" errors="0" timestamp="14 Sep 2019 13:24:26 GMT">
  <testcase classname="mainScript.DriverScript" name="tc01" time="22.897">
    <failure type="java.lang.AssertionError" message="expected [true] but found [false]">
      <![CDATA[java.lang.AssertionError: expected [true] but found [false]
at mainScript.DriverScript.tc01(DriverScript.java:34)
... Removed 33 stack frames]]>
    </failure>
  </testcase> <!-- tc01 -->
  <testcase classname="mainScript.DriverScript" name="tc02" time="0.184">
    <failure type="java.lang.AssertionError" message="expected [true] but found [false]">
      <![CDATA[java.lang.AssertionError: expected [true] but found [false]
at mainScript.DriverScript.tc02(DriverScript.java:53)
... Removed 33 stack frames]]>
    </failure>
  </testcase> <!-- tc02 -->
  <testcase classname="mainScript.DriverScript" name="tc03" time="1.109">
    <failure type="java.lang.AssertionError" message="expected [true] but found [false]">
      <![CDATA[java.lang.AssertionError: expected [true] but found [false]
at mainScript.DriverScript.tc03(DriverScript.java:70)
... Removed 33 stack frames]]>
    </failure>
  </testcase> <!-- tc03 -->
  <testcase classname="mainScript.DriverScript" name="tc04" time="6.268"/>
</testsuite> <!-- Test -->
