<?xml version="1.0" encoding="UTF-8"?>
<!-- Generated by org.testng.reporters.JUnitXMLReporter -->
<testsuite ignored="0" hostname="AAPCLW10-1670" failures="1" tests="4" name="Test" time="38.215" errors="0" timestamp="14 Sep 2019 13:12:03 GMT">
  <testcase classname="mainScript.DriverScript" name="tc01" time="30.351"/>
  <testcase classname="mainScript.DriverScript" name="tc02" time="0.136"/>
  <testcase classname="mainScript.DriverScript" name="tc03" time="5.48"/>
  <testcase classname="mainScript.DriverScript" name="tc04" time="2.219">
    <failure type="java.lang.AssertionError" message="expected [true] but found [false]">
      <![CDATA[java.lang.AssertionError: expected [true] but found [false]
at mainScript.DriverScript.tc04(DriverScript.java:87)
... Removed 33 stack frames]]>
    </failure>
  </testcase> <!-- tc04 -->
</testsuite> <!-- Test -->
