<?xml version="1.0" encoding="UTF-8"?>
<testng-results ignored="0" total="4" passed="3" failed="1" skipped="0">
  <reporter-output>
    <line>
      <![CDATA[The URL opened is https://www.goindigo.in/?linkNav=home_header]]>
    </line>
    <line>
      <![CDATA[Entered the Key at Locator  name:or-src]]>
    </line>
    <line>
      <![CDATA[Entered the Key at Locator  name:or-src]]>
    </line>
    <line>
      <![CDATA[Entered the Key at Locator  name:or-src]]>
    </line>
    <line>
      <![CDATA[Entered the Key at Locator  name:or-src]]>
    </line>
    <line>
      <![CDATA[Entered the Key at Locator  name:or-src]]>
    </line>
    <line>
      <![CDATA[Entered the Key at Locator  name:or-src]]>
    </line>
    <line>
      <![CDATA[Entered the Key at Locator  name:or-src]]>
    </line>
    <line>
      <![CDATA[Entered the Key at Locator  name:or-src]]>
    </line>
    <line>
      <![CDATA[Entered the Key at Locator  name:or-src]]>
    </line>
    <line>
      <![CDATA[Entered the Key at Locator  name:or-src]]>
    </line>
    <line>
      <![CDATA[Entered the Key at Locator  name:or-src]]>
    </line>
    <line>
      <![CDATA[Entered the Key at Locator  name:or-src]]>
    </line>
    <line>
      <![CDATA[Entered the Key at Locator  name:or-src]]>
    </line>
    <line>
      <![CDATA[Entered the Key at Locator  name:or-src]]>
    </line>
    <line>
      <![CDATA[Entered the Key at Locator  name:or-src]]>
    </line>
    <line>
      <![CDATA[Entered the value at Locator  name:or-src]]>
    </line>
    <line>
      <![CDATA[Entered the Key at Locator  name:or-src]]>
    </line>
    <line>
      <![CDATA[Entered the value at Locator  name:or-dest]]>
    </line>
    <line>
      <![CDATA[Entered the Key at Locator  name:or-dest]]>
    </line>
    <line>
      <![CDATA[Element clicked at Locator  xpath://*[starts-with(@id,'dp15')]/div/div[2]/div/a/span]]>
    </line>
    <line>
      <![CDATA[Fetched the value from Locator  xpath://*[starts-with(@id,'dp15')]/div/div[2]/div/div/span[1]]]>
    </line>
    <line>
      <![CDATA[Element clicked at Locator  xpath://*[starts-with(@id,'dp15')]/div/div[2]/div/a/span]]>
    </line>
    <line>
      <![CDATA[Fetched the value from Locator  xpath://*[starts-with(@id,'dp15')]/div/div[2]/div/div/span[1]]]>
    </line>
    <line>
      <![CDATA[Fetched the value from Locator  xpath://*[starts-with(@id,'dp15')]/div/div[2]/div/div/span[2]]]>
    </line>
    <line>
      <![CDATA[Element clicked at Locator  xpath://*[@id='bookFlightTab']/form/div[7]/div[6]/button/span[1]]]>
    </line>
    <line>
      <![CDATA[TC02 Failed]]>
    </line>
    <line>
      <![CDATA[Element clicked at Locator  linktext:Contact us]]>
    </line>
    <line>
      <![CDATA[Switched to the window id  1]]>
    </line>
    <line>
      <![CDATA[Fetched the value from Locator  xpath:/html/body/div[6]/div[1]/div[1]/div/div[1]/div/div[1]/p[1]]]>
    </line>
    <line>
      <![CDATA[Hovered the value at Locator  linktext:Manage]]>
    </line>
    <line>
      <![CDATA[Hovered and clicked the value at Locator  linktext:Lounge Services]]>
    </line>
    <line>
      <![CDATA[Entered the value at Locator  xpath://a[starts-with(@class,'ac_closed acc-lnk panel-title collapsed counterdisplay')]]]>
    </line>
    <line>
      <![CDATA[Closed the browser  ]]>
    </line>
  </reporter-output>
  <suite started-at="2019-09-08T16:41:12Z" name="Suite" finished-at="2019-09-08T16:41:54Z" duration-ms="41980">
    <groups>
    </groups>
    <test started-at="2019-09-08T16:41:12Z" name="Test" finished-at="2019-09-08T16:41:54Z" duration-ms="41980">
      <class name="mainScript.DriverScript">
        <test-method signature="tc01()[pri:1, instance:mainScript.DriverScript@64ba3208]" started-at="2019-09-08T16:41:12Z" name="tc01" finished-at="2019-09-08T16:41:43Z" duration-ms="31360" status="PASS">
          <reporter-output>
            <line>
              <![CDATA[The URL opened is https://www.goindigo.in/?linkNav=home_header]]>
            </line>
            <line>
              <![CDATA[Entered the Key at Locator  name:or-src]]>
            </line>
            <line>
              <![CDATA[Entered the Key at Locator  name:or-src]]>
            </line>
            <line>
              <![CDATA[Entered the Key at Locator  name:or-src]]>
            </line>
            <line>
              <![CDATA[Entered the Key at Locator  name:or-src]]>
            </line>
            <line>
              <![CDATA[Entered the Key at Locator  name:or-src]]>
            </line>
            <line>
              <![CDATA[Entered the Key at Locator  name:or-src]]>
            </line>
            <line>
              <![CDATA[Entered the Key at Locator  name:or-src]]>
            </line>
            <line>
              <![CDATA[Entered the Key at Locator  name:or-src]]>
            </line>
            <line>
              <![CDATA[Entered the Key at Locator  name:or-src]]>
            </line>
            <line>
              <![CDATA[Entered the Key at Locator  name:or-src]]>
            </line>
            <line>
              <![CDATA[Entered the Key at Locator  name:or-src]]>
            </line>
            <line>
              <![CDATA[Entered the Key at Locator  name:or-src]]>
            </line>
            <line>
              <![CDATA[Entered the Key at Locator  name:or-src]]>
            </line>
            <line>
              <![CDATA[Entered the Key at Locator  name:or-src]]>
            </line>
            <line>
              <![CDATA[Entered the Key at Locator  name:or-src]]>
            </line>
            <line>
              <![CDATA[Entered the value at Locator  name:or-src]]>
            </line>
            <line>
              <![CDATA[Entered the Key at Locator  name:or-src]]>
            </line>
            <line>
              <![CDATA[Entered the value at Locator  name:or-dest]]>
            </line>
            <line>
              <![CDATA[Entered the Key at Locator  name:or-dest]]>
            </line>
            <line>
              <![CDATA[Element clicked at Locator  xpath://*[starts-with(@id,'dp15')]/div/div[2]/div/a/span]]>
            </line>
            <line>
              <![CDATA[Fetched the value from Locator  xpath://*[starts-with(@id,'dp15')]/div/div[2]/div/div/span[1]]]>
            </line>
            <line>
              <![CDATA[Element clicked at Locator  xpath://*[starts-with(@id,'dp15')]/div/div[2]/div/a/span]]>
            </line>
            <line>
              <![CDATA[Fetched the value from Locator  xpath://*[starts-with(@id,'dp15')]/div/div[2]/div/div/span[1]]]>
            </line>
            <line>
              <![CDATA[Fetched the value from Locator  xpath://*[starts-with(@id,'dp15')]/div/div[2]/div/div/span[2]]]>
            </line>
            <line>
              <![CDATA[Element clicked at Locator  xpath://*[@id='bookFlightTab']/form/div[7]/div[6]/button/span[1]]]>
            </line>
          </reporter-output>
        </test-method> <!-- tc01 -->
        <test-method signature="tc02()[pri:2, instance:mainScript.DriverScript@64ba3208]" started-at="2019-09-08T16:41:43Z" name="tc02" finished-at="2019-09-08T16:41:43Z" duration-ms="333" status="FAIL">
          <exception class="java.lang.AssertionError">
            <message>
              <![CDATA[expected [true] but found [false]]]>
            </message>
            <full-stacktrace>
              <![CDATA[java.lang.AssertionError: expected [true] but found [false]
at org.testng.Assert.fail(Assert.java:96)
at org.testng.Assert.failNotEquals(Assert.java:776)
at org.testng.Assert.assertTrue(Assert.java:44)
at org.testng.Assert.assertTrue(Assert.java:54)
at mainScript.DriverScript.tc02(DriverScript.java:49)
at java.base/jdk.internal.reflect.NativeMethodAccessorImpl.invoke0(Native Method)
at java.base/jdk.internal.reflect.NativeMethodAccessorImpl.invoke(NativeMethodAccessorImpl.java:62)
at java.base/jdk.internal.reflect.DelegatingMethodAccessorImpl.invoke(DelegatingMethodAccessorImpl.java:43)
at java.base/java.lang.reflect.Method.invoke(Method.java:566)
at org.testng.internal.MethodInvocationHelper.invokeMethod(MethodInvocationHelper.java:124)
at org.testng.internal.Invoker.invokeMethod(Invoker.java:580)
at org.testng.internal.Invoker.invokeTestMethod(Invoker.java:716)
at org.testng.internal.Invoker.invokeTestMethods(Invoker.java:988)
at org.testng.internal.TestMethodWorker.invokeTestMethods(TestMethodWorker.java:125)
at org.testng.internal.TestMethodWorker.run(TestMethodWorker.java:109)
at org.testng.TestRunner.privateRun(TestRunner.java:648)
at org.testng.TestRunner.run(TestRunner.java:505)
at org.testng.SuiteRunner.runTest(SuiteRunner.java:455)
at org.testng.SuiteRunner.runSequentially(SuiteRunner.java:450)
at org.testng.SuiteRunner.privateRun(SuiteRunner.java:415)
at org.testng.SuiteRunner.run(SuiteRunner.java:364)
at org.testng.SuiteRunnerWorker.runSuite(SuiteRunnerWorker.java:52)
at org.testng.SuiteRunnerWorker.run(SuiteRunnerWorker.java:84)
at org.testng.TestNG.runSuitesSequentially(TestNG.java:1208)
at org.testng.TestNG.runSuitesLocally(TestNG.java:1137)
at org.testng.TestNG.runSuites(TestNG.java:1049)
at org.testng.TestNG.run(TestNG.java:1017)
at org.testng.remote.AbstractRemoteTestNG.run(AbstractRemoteTestNG.java:114)
at org.testng.remote.RemoteTestNG.initAndRun(RemoteTestNG.java:251)
at org.testng.remote.RemoteTestNG.main(RemoteTestNG.java:77)
]]>
            </full-stacktrace>
          </exception> <!-- java.lang.AssertionError -->
          <reporter-output>
            <line>
              <![CDATA[TC02 Failed]]>
            </line>
          </reporter-output>
        </test-method> <!-- tc02 -->
        <test-method signature="tc03()[pri:3, instance:mainScript.DriverScript@64ba3208]" started-at="2019-09-08T16:41:43Z" name="tc03" finished-at="2019-09-08T16:41:49Z" duration-ms="5661" status="PASS">
          <reporter-output>
            <line>
              <![CDATA[Element clicked at Locator  linktext:Contact us]]>
            </line>
            <line>
              <![CDATA[Switched to the window id  1]]>
            </line>
            <line>
              <![CDATA[Fetched the value from Locator  xpath:/html/body/div[6]/div[1]/div[1]/div/div[1]/div/div[1]/p[1]]]>
            </line>
          </reporter-output>
        </test-method> <!-- tc03 -->
        <test-method signature="tc04()[pri:4, instance:mainScript.DriverScript@64ba3208]" started-at="2019-09-08T16:41:49Z" name="tc04" finished-at="2019-09-08T16:41:54Z" duration-ms="4583" status="PASS">
          <reporter-output>
            <line>
              <![CDATA[Hovered the value at Locator  linktext:Manage]]>
            </line>
            <line>
              <![CDATA[Hovered and clicked the value at Locator  linktext:Lounge Services]]>
            </line>
            <line>
              <![CDATA[Entered the value at Locator  xpath://a[starts-with(@class,'ac_closed acc-lnk panel-title collapsed counterdisplay')]]]>
            </line>
            <line>
              <![CDATA[Closed the browser  ]]>
            </line>
          </reporter-output>
        </test-method> <!-- tc04 -->
      </class> <!-- mainScript.DriverScript -->
    </test> <!-- Test -->
  </suite> <!-- Suite -->
</testng-results>
