<?xml version="1.0" encoding="UTF-8"?>
<!-- Generated by org.testng.reporters.JUnitXMLReporter -->
<testsuite ignored="0" hostname="AAPCLW10-1670" failures="1" tests="4" name="Test" time="41.98" errors="0" timestamp="08 Sep 2019 16:41:54 GMT">
  <testcase classname="mainScript.DriverScript" name="tc01" time="31.36"/>
  <testcase classname="mainScript.DriverScript" name="tc02" time="0.333">
    <failure type="java.lang.AssertionError" message="expected [true] but found [false]">
      <![CDATA[java.lang.AssertionError: expected [true] but found [false]
at mainScript.DriverScript.tc02(DriverScript.java:49)
... Removed 29 stack frames]]>
    </failure>
  </testcase> <!-- tc02 -->
  <testcase classname="mainScript.DriverScript" name="tc03" time="5.661"/>
  <testcase classname="mainScript.DriverScript" name="tc04" time="4.583"/>
</testsuite> <!-- Test -->
